<?xml version="1.0" encoding="UTF-8"?>
<testsuite xmlns:xsi="http://www.w3.org/2001/XMLSchema-instance" xsi:noNamespaceSchemaLocation="https://maven.apache.org/surefire/maven-surefire-plugin/xsd/surefire-test-report-3.0.xsd" version="3.0" name="br.com.fiap.checkpoint1.Checkpoint1ApplicationTests" time="2.505" tests="1" errors="0" skipped="0" failures="0">
  <properties>
[...]
</properties>
  <testcase name="contextLoads" classname="br.com.fiap.checkpoint1.Checkpoint1ApplicationTests" time="0.807">
    <system-out><![CDATA[13:03:34.814 [main] INFO org.springframework.test.context.support.AnnotationConfigContextLoaderUtils -- Could not detect default configuration classes for test class [br.com.fiap.checkpoint1.Checkpoint1ApplicationTests]: Checkpoint1ApplicationTests does not declare any static, non-private, non-final, nested classes annotated with @Configuration.
13:03:34.913 [main] INFO org.springframework.boot.test.context.SpringBootTestContextBootstrapper -- Found @SpringBootConfiguration br.com.fiap.checkpoint1.Checkpoint1Application for test class br.com.fiap.checkpoint1.Checkpoint1ApplicationTests

  .   ____          _            __ _ _
 /\\ / ___'_ __ _ _(_)_ __  __ _ \ \ \ \
( ( )\___ | '_ | '_| | '_ \/ _` | \ \ \ \
 \\/  ___)| |_)| | | | | || (_| |  ) ) ) )
  '  |____| .__|_| |_|_| |_\__, | / / / /
 =========|_|==============|___/=/_/_/_/
 :: Spring Boot ::                (v3.1.9)

2024-03-15T13:03:35.295-03:00  INFO 24996 --- [           main] b.c.f.c.Checkpoint1ApplicationTests      : Starting Checkpoint1ApplicationTests using Java 21.0.2 with PID 24996 (started by berna in C:\Users\berna\Desktop\Desktop\TI\checkpoint1\fiap-microservices-checkpoint1)
2024-03-15T13:03:35.297-03:00  INFO 24996 --- [           main] b.c.f.c.Checkpoint1ApplicationTests      : No active profile set, falling back to 1 default profile: "default"
2024-03-15T13:03:36.326-03:00  INFO 24996 --- [           main] b.c.f.c.Checkpoint1ApplicationTests      : Started Checkpoint1ApplicationTests in 1.285 seconds (process running for 2.153)
]]></system-out>
    <system-err><![CDATA[WARNING: A Java agent has been loaded dynamically (C:\Users\berna\.m2\repository\net\bytebuddy\byte-buddy-agent\1.14.12\byte-buddy-agent-1.14.12.jar)
WARNING: If a serviceability tool is in use, please run with -XX:+EnableDynamicAgentLoading to hide this warning
WARNING: If a serviceability tool is not in use, please run with -Djdk.instrument.traceUsage for more information
WARNING: Dynamic loading of agents will be disallowed by default in a future release
]]></system-err>
  </testcase>
</testsuite>